<?xml version="1.0" encoding="UTF-8"?>
<testsuite xmlns:xsi="http://www.w3.org/2001/XMLSchema-instance" xsi:noNamespaceSchemaLocation="https://maven.apache.org/surefire/maven-surefire-plugin/xsd/surefire-test-report-3.0.xsd" version="3.0" name="TestSuite" time="6.952" tests="11" errors="0" skipped="0" failures="0">
  <properties>
    <property name="java.specification.version" value="18"/>
    <property name="sun.jnu.encoding" value="UTF-8"/>
    <property name="java.class.path" value="/Users/manuel.rodriguez/repo/apiTesting_challenge/target/test-classes:/Users/manuel.rodriguez/repo/apiTesting_challenge/target/classes:/Users/manuel.rodriguez/.m2/repository/io/rest-assured/rest-assured/4.4.0/rest-assured-4.4.0.jar:/Users/manuel.rodriguez/.m2/repository/org/codehaus/groovy/groovy/3.0.8/groovy-3.0.8.jar:/Users/manuel.rodriguez/.m2/repository/org/codehaus/groovy/groovy-xml/3.0.8/groovy-xml-3.0.8.jar:/Users/manuel.rodriguez/.m2/repository/org/apache/httpcomponents/httpclient/4.5.13/httpclient-4.5.13.jar:/Users/manuel.rodriguez/.m2/repository/org/apache/httpcomponents/httpcore/4.4.13/httpcore-4.4.13.jar:/Users/manuel.rodriguez/.m2/repository/commons-logging/commons-logging/1.2/commons-logging-1.2.jar:/Users/manuel.rodriguez/.m2/repository/org/apache/httpcomponents/httpmime/4.5.13/httpmime-4.5.13.jar:/Users/manuel.rodriguez/.m2/repository/org/hamcrest/hamcrest/2.1/hamcrest-2.1.jar:/Users/manuel.rodriguez/.m2/repository/org/ccil/cowan/tagsoup/tagsoup/1.2.1/tagsoup-1.2.1.jar:/Users/manuel.rodriguez/.m2/repository/io/rest-assured/json-path/4.4.0/json-path-4.4.0.jar:/Users/manuel.rodriguez/.m2/repository/org/codehaus/groovy/groovy-json/3.0.8/groovy-json-3.0.8.jar:/Users/manuel.rodriguez/.m2/repository/io/rest-assured/rest-assured-common/4.4.0/rest-assured-common-4.4.0.jar:/Users/manuel.rodriguez/.m2/repository/io/rest-assured/xml-path/4.4.0/xml-path-4.4.0.jar:/Users/manuel.rodriguez/.m2/repository/jakarta/xml/bind/jakarta.xml.bind-api/2.3.3/jakarta.xml.bind-api-2.3.3.jar:/Users/manuel.rodriguez/.m2/repository/jakarta/activation/jakarta.activation-api/1.2.2/jakarta.activation-api-1.2.2.jar:/Users/manuel.rodriguez/.m2/repository/com/sun/xml/bind/jaxb-impl/2.3.3/jaxb-impl-2.3.3.jar:/Users/manuel.rodriguez/.m2/repository/org/testng/testng/7.1.0/testng-7.1.0.jar:/Users/manuel.rodriguez/.m2/repository/com/beust/jcommander/1.72/jcommander-1.72.jar:/Users/manuel.rodriguez/.m2/repository/com/google/inject/guice/4.1.0/guice-4.1.0-no_aop.jar:/Users/manuel.rodriguez/.m2/repository/javax/inject/javax.inject/1/javax.inject-1.jar:/Users/manuel.rodriguez/.m2/repository/aopalliance/aopalliance/1.0/aopalliance-1.0.jar:/Users/manuel.rodriguez/.m2/repository/com/google/guava/guava/19.0/guava-19.0.jar:/Users/manuel.rodriguez/.m2/repository/org/yaml/snakeyaml/1.21/snakeyaml-1.21.jar:/Users/manuel.rodriguez/.m2/repository/org/apache/maven/plugins/maven-surefire-report-plugin/3.0.0-M4/maven-surefire-report-plugin-3.0.0-M4.jar:/Users/manuel.rodriguez/.m2/repository/org/apache/maven/surefire/surefire-report-parser/3.0.0-M4/surefire-report-parser-3.0.0-M4.jar:/Users/manuel.rodriguez/.m2/repository/org/apache/maven/surefire/surefire-logger-api/3.0.0-M4/surefire-logger-api-3.0.0-M4.jar:/Users/manuel.rodriguez/.m2/repository/org/apache/maven/reporting/maven-reporting-api/3.0/maven-reporting-api-3.0.jar:/Users/manuel.rodriguez/.m2/repository/org/apache/maven/maven-plugin-api/3.0/maven-plugin-api-3.0.jar:/Users/manuel.rodriguez/.m2/repository/org/apache/maven/maven-model/3.0/maven-model-3.0.jar:/Users/manuel.rodriguez/.m2/repository/org/apache/maven/maven-artifact/3.0/maven-artifact-3.0.jar:/Users/manuel.rodriguez/.m2/repository/org/sonatype/sisu/sisu-inject-plexus/1.4.2/sisu-inject-plexus-1.4.2.jar:/Users/manuel.rodriguez/.m2/repository/org/codehaus/plexus/plexus-classworlds/2.2.3/plexus-classworlds-2.2.3.jar:/Users/manuel.rodriguez/.m2/repository/org/sonatype/sisu/sisu-inject-bean/1.4.2/sisu-inject-bean-1.4.2.jar:/Users/manuel.rodriguez/.m2/repository/org/sonatype/sisu/sisu-guice/2.1.7/sisu-guice-2.1.7-noaop.jar:/Users/manuel.rodriguez/.m2/repository/org/apache/maven/reporting/maven-reporting-impl/3.0.0/maven-reporting-impl-3.0.0.jar:/Users/manuel.rodriguez/.m2/repository/org/apache/maven/maven-core/3.0/maven-core-3.0.jar:/Users/manuel.rodriguez/.m2/repository/org/apache/maven/maven-settings/3.0/maven-settings-3.0.jar:/Users/manuel.rodriguez/.m2/repository/org/apache/maven/maven-settings-builder/3.0/maven-settings-builder-3.0.jar:/Users/manuel.rodriguez/.m2/repository/org/apache/maven/maven-repository-metadata/3.0/maven-repository-metadata-3.0.jar:/Users/manuel.rodriguez/.m2/repository/org/apache/maven/maven-model-builder/3.0/maven-model-builder-3.0.jar:/Users/manuel.rodriguez/.m2/repository/org/apache/maven/maven-aether-provider/3.0/maven-aether-provider-3.0.jar:/Users/manuel.rodriguez/.m2/repository/org/sonatype/aether/aether-impl/1.7/aether-impl-1.7.jar:/Users/manuel.rodriguez/.m2/repository/org/sonatype/aether/aether-spi/1.7/aether-spi-1.7.jar:/Users/manuel.rodriguez/.m2/repository/org/sonatype/aether/aether-api/1.7/aether-api-1.7.jar:/Users/manuel.rodriguez/.m2/repository/org/sonatype/aether/aether-util/1.7/aether-util-1.7.jar:/Users/manuel.rodriguez/.m2/repository/org/codehaus/plexus/plexus-interpolation/1.14/plexus-interpolation-1.14.jar:/Users/manuel.rodriguez/.m2/repository/org/sonatype/plexus/plexus-sec-dispatcher/1.3/plexus-sec-dispatcher-1.3.jar:/Users/manuel.rodriguez/.m2/repository/org/sonatype/plexus/plexus-cipher/1.4/plexus-cipher-1.4.jar:/Users/manuel.rodriguez/.m2/repository/org/apache/maven/shared/maven-shared-utils/3.2.0/maven-shared-utils-3.2.0.jar:/Users/manuel.rodriguez/.m2/repository/commons-io/commons-io/2.5/commons-io-2.5.jar:/Users/manuel.rodriguez/.m2/repository/org/codehaus/plexus/plexus-utils/3.0.24/plexus-utils-3.0.24.jar:/Users/manuel.rodriguez/.m2/repository/org/apache/maven/doxia/doxia-sink-api/1.9/doxia-sink-api-1.9.jar:/Users/manuel.rodriguez/.m2/repository/org/apache/maven/doxia/doxia-logging-api/1.9/doxia-logging-api-1.9.jar:/Users/manuel.rodriguez/.m2/repository/org/apache/maven/doxia/doxia-decoration-model/1.9.1/doxia-decoration-model-1.9.1.jar:/Users/manuel.rodriguez/.m2/repository/org/codehaus/plexus/plexus-component-annotations/1.7.1/plexus-component-annotations-1.7.1.jar:/Users/manuel.rodriguez/.m2/repository/org/apache/maven/doxia/doxia-core/1.9/doxia-core-1.9.jar:/Users/manuel.rodriguez/.m2/repository/org/codehaus/plexus/plexus-container-default/1.7.1/plexus-container-default-1.7.1.jar:/Users/manuel.rodriguez/.m2/repository/org/apache/xbean/xbean-reflect/3.7/xbean-reflect-3.7.jar:/Users/manuel.rodriguez/.m2/repository/com/google/collections/google-collections/1.0/google-collections-1.0.jar:/Users/manuel.rodriguez/.m2/repository/org/apache/maven/doxia/doxia-site-renderer/1.9.1/doxia-site-renderer-1.9.1.jar:/Users/manuel.rodriguez/.m2/repository/org/apache/maven/doxia/doxia-skin-model/1.9.1/doxia-skin-model-1.9.1.jar:/Users/manuel.rodriguez/.m2/repository/org/apache/maven/doxia/doxia-module-xhtml/1.9/doxia-module-xhtml-1.9.jar:/Users/manuel.rodriguez/.m2/repository/org/apache/maven/doxia/doxia-module-xhtml5/1.9/doxia-module-xhtml5-1.9.jar:/Users/manuel.rodriguez/.m2/repository/org/codehaus/plexus/plexus-i18n/1.0-beta-10/plexus-i18n-1.0-beta-10.jar:/Users/manuel.rodriguez/.m2/repository/org/codehaus/plexus/plexus-velocity/1.2/plexus-velocity-1.2.jar:/Users/manuel.rodriguez/.m2/repository/org/apache/velocity/velocity/1.7/velocity-1.7.jar:/Users/manuel.rodriguez/.m2/repository/org/apache/velocity/velocity-tools/2.0/velocity-tools-2.0.jar:/Users/manuel.rodriguez/.m2/repository/commons-beanutils/commons-beanutils/1.7.0/commons-beanutils-1.7.0.jar:/Users/manuel.rodriguez/.m2/repository/commons-digester/commons-digester/1.8/commons-digester-1.8.jar:/Users/manuel.rodriguez/.m2/repository/commons-chain/commons-chain/1.1/commons-chain-1.1.jar:/Users/manuel.rodriguez/.m2/repository/commons-validator/commons-validator/1.3.1/commons-validator-1.3.1.jar:/Users/manuel.rodriguez/.m2/repository/dom4j/dom4j/1.1/dom4j-1.1.jar:/Users/manuel.rodriguez/.m2/repository/oro/oro/2.0.8/oro-2.0.8.jar:/Users/manuel.rodriguez/.m2/repository/sslext/sslext/1.2-0/sslext-1.2-0.jar:/Users/manuel.rodriguez/.m2/repository/org/apache/struts/struts-core/1.3.8/struts-core-1.3.8.jar:/Users/manuel.rodriguez/.m2/repository/antlr/antlr/2.7.2/antlr-2.7.2.jar:/Users/manuel.rodriguez/.m2/repository/org/apache/struts/struts-taglib/1.3.8/struts-taglib-1.3.8.jar:/Users/manuel.rodriguez/.m2/repository/org/apache/struts/struts-tiles/1.3.8/struts-tiles-1.3.8.jar:/Users/manuel.rodriguez/.m2/repository/commons-collections/commons-collections/3.2.2/commons-collections-3.2.2.jar:/Users/manuel.rodriguez/.m2/repository/commons-lang/commons-lang/2.6/commons-lang-2.6.jar:/Users/manuel.rodriguez/.m2/repository/commons-codec/commons-codec/1.15/commons-codec-1.15.jar:/Users/manuel.rodriguez/.m2/repository/com/fasterxml/jackson/core/jackson-core/2.12.4/jackson-core-2.12.4.jar:/Users/manuel.rodriguez/.m2/repository/com/fasterxml/jackson/core/jackson-annotations/2.12.4/jackson-annotations-2.12.4.jar:/Users/manuel.rodriguez/.m2/repository/com/fasterxml/jackson/core/jackson-databind/2.12.4/jackson-databind-2.12.4.jar:/Users/manuel.rodriguez/.m2/repository/org/apache/poi/poi/4.1.2/poi-4.1.2.jar:/Users/manuel.rodriguez/.m2/repository/org/apache/commons/commons-collections4/4.4/commons-collections4-4.4.jar:/Users/manuel.rodriguez/.m2/repository/org/apache/commons/commons-math3/3.6.1/commons-math3-3.6.1.jar:/Users/manuel.rodriguez/.m2/repository/com/zaxxer/SparseBitSet/1.2/SparseBitSet-1.2.jar:/Users/manuel.rodriguez/.m2/repository/org/apache/poi/poi-ooxml/4.1.2/poi-ooxml-4.1.2.jar:/Users/manuel.rodriguez/.m2/repository/org/apache/commons/commons-compress/1.19/commons-compress-1.19.jar:/Users/manuel.rodriguez/.m2/repository/com/github/virtuald/curvesapi/1.06/curvesapi-1.06.jar:/Users/manuel.rodriguez/.m2/repository/org/apache/poi/poi-ooxml-schemas/4.1.2/poi-ooxml-schemas-4.1.2.jar:/Users/manuel.rodriguez/.m2/repository/org/apache/xmlbeans/xmlbeans/3.1.0/xmlbeans-3.1.0.jar:/Users/manuel.rodriguez/.m2/repository/com/github/javafaker/javafaker/1.0.2/javafaker-1.0.2.jar:/Users/manuel.rodriguez/.m2/repository/org/apache/commons/commons-lang3/3.5/commons-lang3-3.5.jar:/Users/manuel.rodriguez/.m2/repository/org/yaml/snakeyaml/1.23/snakeyaml-1.23-android.jar:/Users/manuel.rodriguez/.m2/repository/com/github/mifmif/generex/1.0.2/generex-1.0.2.jar:/Users/manuel.rodriguez/.m2/repository/dk/brics/automaton/automaton/1.11-8/automaton-1.11-8.jar:"/>
    <property name="java.vm.vendor" value="Homebrew"/>
    <property name="sun.arch.data.model" value="64"/>
    <property name="java.vendor.url" value="https://github.com/Homebrew/homebrew-core/issues"/>
    <property name="user.timezone" value="America/Costa_Rica"/>
    <property name="os.name" value="Mac OS X"/>
    <property name="java.vm.specification.version" value="18"/>
    <property name="sun.java.launcher" value="SUN_STANDARD"/>
    <property name="user.country" value="CR"/>
    <property name="sun.boot.library.path" value="/usr/local/Cellar/openjdk/18.0.2.1/libexec/openjdk.jdk/Contents/Home/lib"/>
    <property name="sun.java.command" value="/Users/manuel.rodriguez/repo/apiTesting_challenge/target/surefire/surefirebooter6781584904697628192.jar /Users/manuel.rodriguez/repo/apiTesting_challenge/target/surefire 2022-09-20T20-47-26_679-jvmRun1 surefire18202804928240833637tmp surefire_0836582008022408244tmp"/>
    <property name="http.nonProxyHosts" value="local|*.local|169.254/16|*.169.254/16"/>
    <property name="jdk.debug" value="release"/>
    <property name="surefire.test.class.path" value="/Users/manuel.rodriguez/repo/apiTesting_challenge/target/test-classes:/Users/manuel.rodriguez/repo/apiTesting_challenge/target/classes:/Users/manuel.rodriguez/.m2/repository/io/rest-assured/rest-assured/4.4.0/rest-assured-4.4.0.jar:/Users/manuel.rodriguez/.m2/repository/org/codehaus/groovy/groovy/3.0.8/groovy-3.0.8.jar:/Users/manuel.rodriguez/.m2/repository/org/codehaus/groovy/groovy-xml/3.0.8/groovy-xml-3.0.8.jar:/Users/manuel.rodriguez/.m2/repository/org/apache/httpcomponents/httpclient/4.5.13/httpclient-4.5.13.jar:/Users/manuel.rodriguez/.m2/repository/org/apache/httpcomponents/httpcore/4.4.13/httpcore-4.4.13.jar:/Users/manuel.rodriguez/.m2/repository/commons-logging/commons-logging/1.2/commons-logging-1.2.jar:/Users/manuel.rodriguez/.m2/repository/org/apache/httpcomponents/httpmime/4.5.13/httpmime-4.5.13.jar:/Users/manuel.rodriguez/.m2/repository/org/hamcrest/hamcrest/2.1/hamcrest-2.1.jar:/Users/manuel.rodriguez/.m2/repository/org/ccil/cowan/tagsoup/tagsoup/1.2.1/tagsoup-1.2.1.jar:/Users/manuel.rodriguez/.m2/repository/io/rest-assured/json-path/4.4.0/json-path-4.4.0.jar:/Users/manuel.rodriguez/.m2/repository/org/codehaus/groovy/groovy-json/3.0.8/groovy-json-3.0.8.jar:/Users/manuel.rodriguez/.m2/repository/io/rest-assured/rest-assured-common/4.4.0/rest-assured-common-4.4.0.jar:/Users/manuel.rodriguez/.m2/repository/io/rest-assured/xml-path/4.4.0/xml-path-4.4.0.jar:/Users/manuel.rodriguez/.m2/repository/jakarta/xml/bind/jakarta.xml.bind-api/2.3.3/jakarta.xml.bind-api-2.3.3.jar:/Users/manuel.rodriguez/.m2/repository/jakarta/activation/jakarta.activation-api/1.2.2/jakarta.activation-api-1.2.2.jar:/Users/manuel.rodriguez/.m2/repository/com/sun/xml/bind/jaxb-impl/2.3.3/jaxb-impl-2.3.3.jar:/Users/manuel.rodriguez/.m2/repository/org/testng/testng/7.1.0/testng-7.1.0.jar:/Users/manuel.rodriguez/.m2/repository/com/beust/jcommander/1.72/jcommander-1.72.jar:/Users/manuel.rodriguez/.m2/repository/com/google/inject/guice/4.1.0/guice-4.1.0-no_aop.jar:/Users/manuel.rodriguez/.m2/repository/javax/inject/javax.inject/1/javax.inject-1.jar:/Users/manuel.rodriguez/.m2/repository/aopalliance/aopalliance/1.0/aopalliance-1.0.jar:/Users/manuel.rodriguez/.m2/repository/com/google/guava/guava/19.0/guava-19.0.jar:/Users/manuel.rodriguez/.m2/repository/org/yaml/snakeyaml/1.21/snakeyaml-1.21.jar:/Users/manuel.rodriguez/.m2/repository/org/apache/maven/plugins/maven-surefire-report-plugin/3.0.0-M4/maven-surefire-report-plugin-3.0.0-M4.jar:/Users/manuel.rodriguez/.m2/repository/org/apache/maven/surefire/surefire-report-parser/3.0.0-M4/surefire-report-parser-3.0.0-M4.jar:/Users/manuel.rodriguez/.m2/repository/org/apache/maven/surefire/surefire-logger-api/3.0.0-M4/surefire-logger-api-3.0.0-M4.jar:/Users/manuel.rodriguez/.m2/repository/org/apache/maven/reporting/maven-reporting-api/3.0/maven-reporting-api-3.0.jar:/Users/manuel.rodriguez/.m2/repository/org/apache/maven/maven-plugin-api/3.0/maven-plugin-api-3.0.jar:/Users/manuel.rodriguez/.m2/repository/org/apache/maven/maven-model/3.0/maven-model-3.0.jar:/Users/manuel.rodriguez/.m2/repository/org/apache/maven/maven-artifact/3.0/maven-artifact-3.0.jar:/Users/manuel.rodriguez/.m2/repository/org/sonatype/sisu/sisu-inject-plexus/1.4.2/sisu-inject-plexus-1.4.2.jar:/Users/manuel.rodriguez/.m2/repository/org/codehaus/plexus/plexus-classworlds/2.2.3/plexus-classworlds-2.2.3.jar:/Users/manuel.rodriguez/.m2/repository/org/sonatype/sisu/sisu-inject-bean/1.4.2/sisu-inject-bean-1.4.2.jar:/Users/manuel.rodriguez/.m2/repository/org/sonatype/sisu/sisu-guice/2.1.7/sisu-guice-2.1.7-noaop.jar:/Users/manuel.rodriguez/.m2/repository/org/apache/maven/reporting/maven-reporting-impl/3.0.0/maven-reporting-impl-3.0.0.jar:/Users/manuel.rodriguez/.m2/repository/org/apache/maven/maven-core/3.0/maven-core-3.0.jar:/Users/manuel.rodriguez/.m2/repository/org/apache/maven/maven-settings/3.0/maven-settings-3.0.jar:/Users/manuel.rodriguez/.m2/repository/org/apache/maven/maven-settings-builder/3.0/maven-settings-builder-3.0.jar:/Users/manuel.rodriguez/.m2/repository/org/apache/maven/maven-repository-metadata/3.0/maven-repository-metadata-3.0.jar:/Users/manuel.rodriguez/.m2/repository/org/apache/maven/maven-model-builder/3.0/maven-model-builder-3.0.jar:/Users/manuel.rodriguez/.m2/repository/org/apache/maven/maven-aether-provider/3.0/maven-aether-provider-3.0.jar:/Users/manuel.rodriguez/.m2/repository/org/sonatype/aether/aether-impl/1.7/aether-impl-1.7.jar:/Users/manuel.rodriguez/.m2/repository/org/sonatype/aether/aether-spi/1.7/aether-spi-1.7.jar:/Users/manuel.rodriguez/.m2/repository/org/sonatype/aether/aether-api/1.7/aether-api-1.7.jar:/Users/manuel.rodriguez/.m2/repository/org/sonatype/aether/aether-util/1.7/aether-util-1.7.jar:/Users/manuel.rodriguez/.m2/repository/org/codehaus/plexus/plexus-interpolation/1.14/plexus-interpolation-1.14.jar:/Users/manuel.rodriguez/.m2/repository/org/sonatype/plexus/plexus-sec-dispatcher/1.3/plexus-sec-dispatcher-1.3.jar:/Users/manuel.rodriguez/.m2/repository/org/sonatype/plexus/plexus-cipher/1.4/plexus-cipher-1.4.jar:/Users/manuel.rodriguez/.m2/repository/org/apache/maven/shared/maven-shared-utils/3.2.0/maven-shared-utils-3.2.0.jar:/Users/manuel.rodriguez/.m2/repository/commons-io/commons-io/2.5/commons-io-2.5.jar:/Users/manuel.rodriguez/.m2/repository/org/codehaus/plexus/plexus-utils/3.0.24/plexus-utils-3.0.24.jar:/Users/manuel.rodriguez/.m2/repository/org/apache/maven/doxia/doxia-sink-api/1.9/doxia-sink-api-1.9.jar:/Users/manuel.rodriguez/.m2/repository/org/apache/maven/doxia/doxia-logging-api/1.9/doxia-logging-api-1.9.jar:/Users/manuel.rodriguez/.m2/repository/org/apache/maven/doxia/doxia-decoration-model/1.9.1/doxia-decoration-model-1.9.1.jar:/Users/manuel.rodriguez/.m2/repository/org/codehaus/plexus/plexus-component-annotations/1.7.1/plexus-component-annotations-1.7.1.jar:/Users/manuel.rodriguez/.m2/repository/org/apache/maven/doxia/doxia-core/1.9/doxia-core-1.9.jar:/Users/manuel.rodriguez/.m2/repository/org/codehaus/plexus/plexus-container-default/1.7.1/plexus-container-default-1.7.1.jar:/Users/manuel.rodriguez/.m2/repository/org/apache/xbean/xbean-reflect/3.7/xbean-reflect-3.7.jar:/Users/manuel.rodriguez/.m2/repository/com/google/collections/google-collections/1.0/google-collections-1.0.jar:/Users/manuel.rodriguez/.m2/repository/org/apache/maven/doxia/doxia-site-renderer/1.9.1/doxia-site-renderer-1.9.1.jar:/Users/manuel.rodriguez/.m2/repository/org/apache/maven/doxia/doxia-skin-model/1.9.1/doxia-skin-model-1.9.1.jar:/Users/manuel.rodriguez/.m2/repository/org/apache/maven/doxia/doxia-module-xhtml/1.9/doxia-module-xhtml-1.9.jar:/Users/manuel.rodriguez/.m2/repository/org/apache/maven/doxia/doxia-module-xhtml5/1.9/doxia-module-xhtml5-1.9.jar:/Users/manuel.rodriguez/.m2/repository/org/codehaus/plexus/plexus-i18n/1.0-beta-10/plexus-i18n-1.0-beta-10.jar:/Users/manuel.rodriguez/.m2/repository/org/codehaus/plexus/plexus-velocity/1.2/plexus-velocity-1.2.jar:/Users/manuel.rodriguez/.m2/repository/org/apache/velocity/velocity/1.7/velocity-1.7.jar:/Users/manuel.rodriguez/.m2/repository/org/apache/velocity/velocity-tools/2.0/velocity-tools-2.0.jar:/Users/manuel.rodriguez/.m2/repository/commons-beanutils/commons-beanutils/1.7.0/commons-beanutils-1.7.0.jar:/Users/manuel.rodriguez/.m2/repository/commons-digester/commons-digester/1.8/commons-digester-1.8.jar:/Users/manuel.rodriguez/.m2/repository/commons-chain/commons-chain/1.1/commons-chain-1.1.jar:/Users/manuel.rodriguez/.m2/repository/commons-validator/commons-validator/1.3.1/commons-validator-1.3.1.jar:/Users/manuel.rodriguez/.m2/repository/dom4j/dom4j/1.1/dom4j-1.1.jar:/Users/manuel.rodriguez/.m2/repository/oro/oro/2.0.8/oro-2.0.8.jar:/Users/manuel.rodriguez/.m2/repository/sslext/sslext/1.2-0/sslext-1.2-0.jar:/Users/manuel.rodriguez/.m2/repository/org/apache/struts/struts-core/1.3.8/struts-core-1.3.8.jar:/Users/manuel.rodriguez/.m2/repository/antlr/antlr/2.7.2/antlr-2.7.2.jar:/Users/manuel.rodriguez/.m2/repository/org/apache/struts/struts-taglib/1.3.8/struts-taglib-1.3.8.jar:/Users/manuel.rodriguez/.m2/repository/org/apache/struts/struts-tiles/1.3.8/struts-tiles-1.3.8.jar:/Users/manuel.rodriguez/.m2/repository/commons-collections/commons-collections/3.2.2/commons-collections-3.2.2.jar:/Users/manuel.rodriguez/.m2/repository/commons-lang/commons-lang/2.6/commons-lang-2.6.jar:/Users/manuel.rodriguez/.m2/repository/commons-codec/commons-codec/1.15/commons-codec-1.15.jar:/Users/manuel.rodriguez/.m2/repository/com/fasterxml/jackson/core/jackson-core/2.12.4/jackson-core-2.12.4.jar:/Users/manuel.rodriguez/.m2/repository/com/fasterxml/jackson/core/jackson-annotations/2.12.4/jackson-annotations-2.12.4.jar:/Users/manuel.rodriguez/.m2/repository/com/fasterxml/jackson/core/jackson-databind/2.12.4/jackson-databind-2.12.4.jar:/Users/manuel.rodriguez/.m2/repository/org/apache/poi/poi/4.1.2/poi-4.1.2.jar:/Users/manuel.rodriguez/.m2/repository/org/apache/commons/commons-collections4/4.4/commons-collections4-4.4.jar:/Users/manuel.rodriguez/.m2/repository/org/apache/commons/commons-math3/3.6.1/commons-math3-3.6.1.jar:/Users/manuel.rodriguez/.m2/repository/com/zaxxer/SparseBitSet/1.2/SparseBitSet-1.2.jar:/Users/manuel.rodriguez/.m2/repository/org/apache/poi/poi-ooxml/4.1.2/poi-ooxml-4.1.2.jar:/Users/manuel.rodriguez/.m2/repository/org/apache/commons/commons-compress/1.19/commons-compress-1.19.jar:/Users/manuel.rodriguez/.m2/repository/com/github/virtuald/curvesapi/1.06/curvesapi-1.06.jar:/Users/manuel.rodriguez/.m2/repository/org/apache/poi/poi-ooxml-schemas/4.1.2/poi-ooxml-schemas-4.1.2.jar:/Users/manuel.rodriguez/.m2/repository/org/apache/xmlbeans/xmlbeans/3.1.0/xmlbeans-3.1.0.jar:/Users/manuel.rodriguez/.m2/repository/com/github/javafaker/javafaker/1.0.2/javafaker-1.0.2.jar:/Users/manuel.rodriguez/.m2/repository/org/apache/commons/commons-lang3/3.5/commons-lang3-3.5.jar:/Users/manuel.rodriguez/.m2/repository/org/yaml/snakeyaml/1.23/snakeyaml-1.23-android.jar:/Users/manuel.rodriguez/.m2/repository/com/github/mifmif/generex/1.0.2/generex-1.0.2.jar:/Users/manuel.rodriguez/.m2/repository/dk/brics/automaton/automaton/1.11-8/automaton-1.11-8.jar:"/>
    <property name="sun.cpu.endian" value="little"/>
    <property name="user.home" value="/Users/manuel.rodriguez"/>
    <property name="user.language" value="en"/>
    <property name="java.specification.vendor" value="Oracle Corporation"/>
    <property name="java.version.date" value="2022-08-18"/>
    <property name="java.home" value="/usr/local/Cellar/openjdk/18.0.2.1/libexec/openjdk.jdk/Contents/Home"/>
    <property name="testng.dtd.http" value="true"/>
    <property name="file.separator" value="/"/>
    <property name="basedir" value="/Users/manuel.rodriguez/repo/apiTesting_challenge"/>
    <property name="java.vm.compressedOopsMode" value="Zero based"/>
    <property name="line.separator" value="&#10;"/>
    <property name="java.vm.specification.vendor" value="Oracle Corporation"/>
    <property name="java.specification.name" value="Java Platform API Specification"/>
    <property name="apple.awt.application.name" value="ForkedBooter"/>
    <property name="surefire.real.class.path" value="/Users/manuel.rodriguez/repo/apiTesting_challenge/target/surefire/surefirebooter6781584904697628192.jar"/>
    <property name="sun.management.compiler" value="HotSpot 64-Bit Tiered Compilers"/>
    <property name="ftp.nonProxyHosts" value="local|*.local|169.254/16|*.169.254/16"/>
    <property name="java.runtime.version" value="18.0.2.1+0"/>
    <property name="user.name" value="manuel.rodriguez"/>
    <property name="path.separator" value=":"/>
    <property name="os.version" value="12.5.1"/>
    <property name="java.runtime.name" value="OpenJDK Runtime Environment"/>
    <property name="file.encoding" value="UTF-8"/>
    <property name="java.vm.name" value="OpenJDK 64-Bit Server VM"/>
    <property name="java.vendor.version" value="Homebrew"/>
    <property name="localRepository" value="/Users/manuel.rodriguez/.m2/repository"/>
    <property name="api_psw" value="auto"/>
    <property name="java.vendor.url.bug" value="https://github.com/Homebrew/homebrew-core/issues"/>
    <property name="java.io.tmpdir" value="/var/folders/rr/fb09zh495fx5xy6pgnb0n9gr0000gq/T/"/>
    <property name="java.version" value="18.0.2.1"/>
    <property name="user.dir" value="/Users/manuel.rodriguez/repo/apiTesting_challenge"/>
    <property name="os.arch" value="x86_64"/>
    <property name="java.vm.specification.name" value="Java Virtual Machine Specification"/>
    <property name="native.encoding" value="UTF-8"/>
    <property name="baseUrl" value="http://0.0.0.0:8085/wp-json/wc/v3"/>
    <property name="java.library.path" value="/Users/manuel.rodriguez/Library/Java/Extensions:/Library/Java/Extensions:/Network/Library/Java/Extensions:/System/Library/Java/Extensions:/usr/lib/java:."/>
    <property name="java.vm.info" value="mixed mode, sharing"/>
    <property name="java.vendor" value="Homebrew"/>
    <property name="java.vm.version" value="18.0.2.1+0"/>
    <property name="propertyName" value="auto"/>
    <property name="sun.io.unicode.encoding" value="UnicodeBig"/>
    <property name="api_user" value="auto"/>
    <property name="socksNonProxyHosts" value="local|*.local|169.254/16|*.169.254/16"/>
    <property name="java.class.version" value="62.0"/>
  </properties>
  <testcase name="postCustomer" classname="customers.CustomerTest" time="1.179"/>
  <testcase name="getCustomersByID" classname="customers.CustomerTest" time="0.595"/>
  <testcase name="getCustomersByQuantity" classname="customers.CustomerTest" time="0.203"/>
  <testcase name="patchCustomerShippingAddress" classname="customers.CustomerTest" time="0.386"/>
  <testcase name="putCustomerBillingAddress" classname="customers.CustomerTest" time="0.346"/>
  <testcase name="deleteLastCustomer" classname="customers.CustomerTest" time="0.518"/>
  <testcase name="postProduct" classname="products.ProductTest" time="0.299"/>
  <testcase name="getProductsByQuantity" classname="products.ProductTest" time="0.2"/>
  <testcase name="patchProductName" classname="products.ProductTest" time="0.533"/>
  <testcase name="putProductDescription" classname="products.ProductTest" time="0.457"/>
  <testcase name="deleteLastProduct" classname="products.ProductTest" time="0.597"/>
</testsuite>