<?xml version="1.0" encoding="UTF-8"?>
<!-- Generated by org.testng.reporters.JUnitReportReporter -->
<testsuite hostname="Manuel-Rodriguez-MacBook-Pro.local" failures="0" tests="5" name="products.ProductTest" time="2.090" errors="0" timestamp="2022-09-20T20:47:40 CST" skipped="0">
  <testcase classname="products.ProductTest" name="postProduct" time="0.293"/>
  <system-out/>
  <testcase classname="products.ProductTest" name="patchProductName" time="0.532"/>
  <system-out/>
  <testcase classname="products.ProductTest" name="getProductsByQuantity" time="0.207"/>
  <system-out/>
  <testcase classname="products.ProductTest" name="putProductDescription" time="0.455"/>
  <system-out/>
  <testcase classname="products.ProductTest" name="deleteLastProduct" time="0.603"/>
  <system-out/>
</testsuite> <!-- products.ProductTest -->
