<?xml version="1.0" encoding="UTF-8"?>
<!-- Generated by org.testng.reporters.JUnitReportReporter -->
<testsuite hostname="Manuel-Rodriguez-MacBook-Pro.local" failures="0" tests="6" name="customers.CustomerTest" time="3.837" errors="0" timestamp="2022-09-20T20:47:40 CST" skipped="0">
  <testcase classname="customers.CustomerTest" name="postCustomer" time="1.177"/>
  <system-out/>
  <testcase classname="customers.CustomerTest" name="getCustomersByQuantity" time="0.814"/>
  <system-out/>
  <testcase classname="customers.CustomerTest" name="patchCustomerShippingAddress" time="0.386"/>
  <system-out/>
  <testcase classname="customers.CustomerTest" name="getCustomersByID" time="0.594"/>
  <system-out/>
  <testcase classname="customers.CustomerTest" name="putCustomerBillingAddress" time="0.347"/>
  <system-out/>
  <testcase classname="customers.CustomerTest" name="deleteLastCustomer" time="0.519"/>
  <system-out/>
</testsuite> <!-- customers.CustomerTest -->
